<?xml version="1.0" encoding="UTF-8"?>
<testng-results skipped="0" failed="0" ignored="0" total="1" passed="1">
  <reporter-output>
  </reporter-output>
  <suite name="Default suite" duration-ms="30607" started-at="2017-01-26T14:14:11Z" finished-at="2017-01-26T14:14:41Z">
    <groups>
    </groups>
    <test name="Default test" duration-ms="30607" started-at="2017-01-26T14:14:11Z" finished-at="2017-01-26T14:14:41Z">
      <class name="com.testScripts.CalculatorTest">
        <test-method status="PASS" signature="configureAndroid()[pri:0, instance:com.testScripts.CalculatorTest@167c1fc]" name="configureAndroid" is-config="true" duration-ms="15182" started-at="2017-01-26T19:44:11Z" finished-at="2017-01-26T19:44:26Z">
          <reporter-output>
          </reporter-output>
        </test-method> <!-- configureAndroid -->
        <test-method status="PASS" signature="main()[pri:0, instance:com.testScripts.CalculatorTest@167c1fc]" name="main" duration-ms="13702" started-at="2017-01-26T19:44:26Z" finished-at="2017-01-26T19:44:40Z">
          <reporter-output>
          </reporter-output>
        </test-method> <!-- main -->
        <test-method status="PASS" signature="exitBrowser()[pri:0, instance:com.testScripts.CalculatorTest@167c1fc]" name="exitBrowser" is-config="true" duration-ms="1696" started-at="2017-01-26T19:44:40Z" finished-at="2017-01-26T19:44:41Z">
          <reporter-output>
          </reporter-output>
        </test-method> <!-- exitBrowser -->
      </class> <!-- com.testScripts.CalculatorTest -->
    </test> <!-- Default test -->
  </suite> <!-- Default suite -->
</testng-results>
